<?xml version="1.0" encoding="UTF-8"?>
<testng-results ignored="0" total="1" passed="1" failed="0" skipped="0">
  <reporter-output>
  </reporter-output>
  <suite started-at="2024-08-21T12:09:26 IST" name="Suite" finished-at="2024-08-21T12:09:27 IST" duration-ms="573">
    <groups>
      <group name="cucumber">
        <method signature="AbstractTestNGCucumberTests.runScenario(io.cucumber.testng.PickleWrapper, io.cucumber.testng.FeatureWrapper)[pri:0, instance:testrunner@123f1134]" name="runScenario" class="io.cucumber.testng.AbstractTestNGCucumberTests"/>
      </group> <!-- cucumber -->
    </groups>
    <test started-at="2024-08-21T12:09:26 IST" name="Test" finished-at="2024-08-21T12:09:27 IST" duration-ms="573">
      <class name="testrunner">
        <test-method is-config="true" signature="setUpClass()[pri:0, instance:testrunner@123f1134]" started-at="2024-08-21T12:09:26 IST" name="setUpClass" finished-at="2024-08-21T12:09:26 IST" duration-ms="346" status="PASS">
          <reporter-output>
          </reporter-output>
        </test-method> <!-- setUpClass -->
        <test-method signature="runScenario(io.cucumber.testng.PickleWrapper, io.cucumber.testng.FeatureWrapper)[pri:0, instance:testrunner@123f1134]" started-at="2024-08-21T12:09:26 IST" name="runScenario" description="Runs Cucumber Scenarios" data-provider="scenarios" finished-at="2024-08-21T12:09:27 IST" duration-ms="182" status="PASS">
          <params>
            <param index="0">
              <value>
                <![CDATA["Testing the login in Application"]]>
              </value>
            </param>
            <param index="1">
              <value>
                <![CDATA["Optional[login in Application]"]]>
              </value>
            </param>
          </params>
          <reporter-output>
          </reporter-output>
        </test-method> <!-- runScenario -->
        <test-method is-config="true" signature="tearDownClass()[pri:0, instance:testrunner@123f1134]" started-at="2024-08-21T12:09:27 IST" name="tearDownClass" finished-at="2024-08-21T12:09:27 IST" duration-ms="4" status="PASS">
          <reporter-output>
          </reporter-output>
        </test-method> <!-- tearDownClass -->
      </class> <!-- testrunner -->
    </test> <!-- Test -->
  </suite> <!-- Suite -->
</testng-results>
