<?xml version="1.0" encoding="UTF-8"?>
<testng-results ignored="0" total="1" passed="1" failed="0" skipped="0">
  <reporter-output>
  </reporter-output>
  <suite started-at="2024-09-02T12:33:28 IST" name="Suite" finished-at="2024-09-02T12:33:28 IST" duration-ms="83">
    <groups>
    </groups>
    <test started-at="2024-09-02T12:33:28 IST" name="Test" finished-at="2024-09-02T12:33:28 IST" duration-ms="83">
      <class name="testrunner">
        <test-method signature="f()[pri:0, instance:testrunner@cc43f62]" started-at="2024-09-02T12:33:28 IST" name="f" finished-at="2024-09-02T12:33:28 IST" duration-ms="17" status="PASS">
          <reporter-output>
          </reporter-output>
        </test-method> <!-- f -->
      </class> <!-- testrunner -->
    </test> <!-- Test -->
  </suite> <!-- Suite -->
</testng-results>
