<?xml version="1.0" encoding="UTF-8"?>
<!-- Generated by org.testng.reporters.JUnitXMLReporter -->
<testsuite hostname="DESKTOP-TIC5DM4" ignored="0" name="Test" tests="1" failures="1" timestamp="2024-08-28T15:32:40 IST" time="5.655" errors="0">
  <testcase name="runScenario" time="5.13" classname="io.cucumber.testng.AbstractTestNGCucumberTests">
    <failure type="java.lang.NullPointerException">
      <![CDATA[java.lang.NullPointerException
at com.App.PageObjects.HomePage.enterSearchCriteria(HomePage.java:24)
at com.App.Testcases.HomePageTest.i_search_for_with_check_in_date_and_check_out_date_and_guests(HomePageTest.java:24)
at ✽.I search for "New York" with check-in date "2024-12-01" and check-out date "2024-12-07" and 2 guests(file:///C:/Users/Administrator/eclipse-workspace/Booking/src/test/resources/features/search.feature:6)
]]>
    </failure>
  </testcase> <!-- runScenario -->
</testsuite> <!-- Test -->
