<?xml version="1.0" encoding="UTF-8"?>
<testsuite xmlns:xsi="http://www.w3.org/2001/XMLSchema-instance" xsi:noNamespaceSchemaLocation="https://maven.apache.org/surefire/maven-surefire-plugin/xsd/surefire-test-report.xsd" name="TestSuite" time="1.786" tests="2" errors="0" skipped="0" failures="1">
  <properties>
[...]
</properties>
  <testcase name="runScenario" classname="stepdefinitions.testrunner" time="0.357">
    <failure message="The step &quot;I am on the order tracking page&quot; is undefined. You can implement it using the snippet(s) below:&#10;&#10;@Given(&quot;I am on the order tracking page&quot;)&#10;public void i_am_on_the_order_tracking_page() {&#10;    // Write code here that turns the phrase above into concrete actions&#10;    throw new io.cucumber.java.PendingException();&#10;}&#10;" type="io.cucumber.testng.UndefinedStepException">io.cucumber.testng.UndefinedStepException: 
The step "I am on the order tracking page" is undefined. You can implement it using the snippet(s) below:

@Given("I am on the order tracking page")
public void i_am_on_the_order_tracking_page() {
    // Write code here that turns the phrase above into concrete actions
    throw new io.cucumber.java.PendingException();
}

</failure>
    <system-out><![CDATA[[TestNGContentHandler] [WARN] It is strongly recommended to add "<!DOCTYPE suite SYSTEM "https://testng.org/testng-1.0.dtd" >" at the top of your file, otherwise TestNG may fail or not work as expected.
]]></system-out>
  </testcase>
  <testcase name="f" classname="stepdefinitions.testrunner" time="0.004"/>
</testsuite>