<?xml version="1.0" encoding="UTF-8"?>
<testsuite xmlns:xsi="http://www.w3.org/2001/XMLSchema-instance" xsi:noNamespaceSchemaLocation="https://maven.apache.org/surefire/maven-surefire-plugin/xsd/surefire-test-report.xsd" name="TestSuite" time="106.263" tests="6" errors="0" skipped="0" failures="0">
  <properties>
[...]
</properties>
  <testcase name="runScenario" classname="testrunner" time="18.262"/>
  <testcase name="runScenario" classname="testrunner" time="15.888"/>
  <testcase name="runScenario" classname="testrunner" time="14.967"/>
  <testcase name="runScenario" classname="testrunner" time="15.312"/>
  <testcase name="runScenario" classname="testrunner" time="28.466"/>
  <testcase name="runScenario" classname="testrunner" time="11.43"/>
</testsuite>