<?xml version="1.0" encoding="UTF-8"?>
<testng-results ignored="0" total="6" passed="6" failed="0" skipped="0">
  <reporter-output>
  </reporter-output>
  <suite started-at="2024-08-13T11:20:55 IST" name="Suite" finished-at="2024-08-13T11:22:41 IST" duration-ms="105333">
    <groups>
      <group name="cucumber">
        <method signature="AbstractTestNGCucumberTests.runScenario(io.cucumber.testng.PickleWrapper, io.cucumber.testng.FeatureWrapper)[pri:0, instance:testrunner@68567e20]" name="runScenario" class="io.cucumber.testng.AbstractTestNGCucumberTests"/>
      </group> <!-- cucumber -->
    </groups>
    <test started-at="2024-08-13T11:20:55 IST" name="Test" finished-at="2024-08-13T11:22:41 IST" duration-ms="105333">
      <class name="testrunner">
        <test-method is-config="true" signature="setUpClass()[pri:0, instance:testrunner@68567e20]" started-at="2024-08-13T11:20:55 IST" name="setUpClass" finished-at="2024-08-13T11:20:56 IST" duration-ms="894" status="PASS">
          <reporter-output>
          </reporter-output>
        </test-method> <!-- setUpClass -->
        <test-method signature="runScenario(io.cucumber.testng.PickleWrapper, io.cucumber.testng.FeatureWrapper)[pri:0, instance:testrunner@68567e20]" started-at="2024-08-13T11:20:56 IST" name="runScenario" description="Runs Cucumber Scenarios" data-provider="scenarios" finished-at="2024-08-13T11:21:15 IST" duration-ms="18259" status="PASS">
          <params>
            <param index="0">
              <value>
                <![CDATA["Login with different values"]]>
              </value>
            </param>
            <param index="1">
              <value>
                <![CDATA["Optional[Login with multiple values]"]]>
              </value>
            </param>
          </params>
          <reporter-output>
          </reporter-output>
        </test-method> <!-- runScenario -->
        <test-method signature="runScenario(io.cucumber.testng.PickleWrapper, io.cucumber.testng.FeatureWrapper)[pri:0, instance:testrunner@68567e20]" started-at="2024-08-13T11:21:15 IST" name="runScenario" description="Runs Cucumber Scenarios" data-provider="scenarios" finished-at="2024-08-13T11:21:31 IST" duration-ms="15892" status="PASS">
          <params>
            <param index="0">
              <value>
                <![CDATA["Login with different values"]]>
              </value>
            </param>
            <param index="1">
              <value>
                <![CDATA["Optional[Login with multiple values]"]]>
              </value>
            </param>
          </params>
          <reporter-output>
          </reporter-output>
        </test-method> <!-- runScenario -->
        <test-method signature="runScenario(io.cucumber.testng.PickleWrapper, io.cucumber.testng.FeatureWrapper)[pri:0, instance:testrunner@68567e20]" started-at="2024-08-13T11:21:31 IST" name="runScenario" description="Runs Cucumber Scenarios" data-provider="scenarios" finished-at="2024-08-13T11:21:46 IST" duration-ms="14967" status="PASS">
          <params>
            <param index="0">
              <value>
                <![CDATA["Login with different values"]]>
              </value>
            </param>
            <param index="1">
              <value>
                <![CDATA["Optional[Login with multiple values]"]]>
              </value>
            </param>
          </params>
          <reporter-output>
          </reporter-output>
        </test-method> <!-- runScenario -->
        <test-method signature="runScenario(io.cucumber.testng.PickleWrapper, io.cucumber.testng.FeatureWrapper)[pri:0, instance:testrunner@68567e20]" started-at="2024-08-13T11:21:46 IST" name="runScenario" description="Runs Cucumber Scenarios" data-provider="scenarios" finished-at="2024-08-13T11:22:01 IST" duration-ms="15312" status="PASS">
          <params>
            <param index="0">
              <value>
                <![CDATA["Login with valid details"]]>
              </value>
            </param>
            <param index="1">
              <value>
                <![CDATA["Optional[Login]"]]>
              </value>
            </param>
          </params>
          <reporter-output>
          </reporter-output>
        </test-method> <!-- runScenario -->
        <test-method signature="runScenario(io.cucumber.testng.PickleWrapper, io.cucumber.testng.FeatureWrapper)[pri:0, instance:testrunner@68567e20]" started-at="2024-08-13T11:22:01 IST" name="runScenario" description="Runs Cucumber Scenarios" data-provider="scenarios" finished-at="2024-08-13T11:22:29 IST" duration-ms="28466" status="PASS">
          <params>
            <param index="0">
              <value>
                <![CDATA["new user registration"]]>
              </value>
            </param>
            <param index="1">
              <value>
                <![CDATA["Optional[Register]"]]>
              </value>
            </param>
          </params>
          <reporter-output>
          </reporter-output>
        </test-method> <!-- runScenario -->
        <test-method signature="runScenario(io.cucumber.testng.PickleWrapper, io.cucumber.testng.FeatureWrapper)[pri:0, instance:testrunner@68567e20]" started-at="2024-08-13T11:22:29 IST" name="runScenario" description="Runs Cucumber Scenarios" data-provider="scenarios" finished-at="2024-08-13T11:22:41 IST" duration-ms="11430" status="PASS">
          <params>
            <param index="0">
              <value>
                <![CDATA["searching an product"]]>
              </value>
            </param>
            <param index="1">
              <value>
                <![CDATA["Optional[Search]"]]>
              </value>
            </param>
          </params>
          <reporter-output>
          </reporter-output>
        </test-method> <!-- runScenario -->
        <test-method is-config="true" signature="tearDownClass()[pri:0, instance:testrunner@68567e20]" started-at="2024-08-13T11:22:41 IST" name="tearDownClass" finished-at="2024-08-13T11:22:41 IST" duration-ms="48" status="PASS">
          <reporter-output>
          </reporter-output>
        </test-method> <!-- tearDownClass -->
      </class> <!-- testrunner -->
    </test> <!-- Test -->
  </suite> <!-- Suite -->
</testng-results>
