<?xml version="1.0" encoding="UTF-8"?>
<testng-results skipped="0" failed="1" ignored="0" total="1" passed="0">
  <reporter-output>
  </reporter-output>
  <suite name="Suite" duration-ms="28192" started-at="2024-09-05T18:31:50 IST" finished-at="2024-09-05T18:32:19 IST">
    <groups>
      <group name="cucumber">
        <method signature="AbstractTestNGCucumberTests.runScenario(io.cucumber.testng.PickleWrapper, io.cucumber.testng.FeatureWrapper)[pri:0, instance:com.App.Testcases.testrunner@1ef1869]" name="runScenario" class="io.cucumber.testng.AbstractTestNGCucumberTests"/>
      </group> <!-- cucumber -->
    </groups>
    <test name="Test" duration-ms="28192" started-at="2024-09-05T18:31:50 IST" finished-at="2024-09-05T18:32:19 IST">
      <class name="com.App.Testcases.testrunner">
        <test-method status="PASS" signature="setUpClass()[pri:0, instance:com.App.Testcases.testrunner@1ef1869]" name="setUpClass" is-config="true" duration-ms="393" started-at="2024-09-05T18:31:50 IST" finished-at="2024-09-05T18:31:51 IST">
          <reporter-output>
          </reporter-output>
        </test-method> <!-- setUpClass -->
        <test-method status="FAIL" signature="runScenario(io.cucumber.testng.PickleWrapper, io.cucumber.testng.FeatureWrapper)[pri:0, instance:com.App.Testcases.testrunner@1ef1869]" name="runScenario" duration-ms="27625" started-at="2024-09-05T18:31:51 IST" description="Runs Cucumber Scenarios" data-provider="scenarios" finished-at="2024-09-05T18:32:18 IST">
          <params>
            <param index="0">
              <value>
                <![CDATA["Filter result by Property"]]>
              </value>
            </param>
            <param index="1">
              <value>
                <![CDATA["Optional[Hotel Search and Filtering]"]]>
              </value>
            </param>
          </params>
          <exception class="org.openqa.selenium.NoSuchElementException">
            <message>
              <![CDATA[Cannot locate an element using xpath=//label[@class='faefc93c6f c21e900fd3 c737ebb2b7']
For documentation on this error, please visit: https://www.seleniumhq.org/exceptions/no_such_element.html
Build info: version: '3.141.59', revision: 'e82be7d358', time: '2018-11-14T08:17:03'
System info: host: 'DESKTOP-TIC5DM4', ip: '172.20.0.59', os.name: 'Windows 10', os.arch: 'x86', os.version: '10.0', java.version: '1.8.0_411'
Driver info: driver.version: RemoteWebDriver]]>
            </message>
            <full-stacktrace>
              <![CDATA[org.openqa.selenium.NoSuchElementException: Cannot locate an element using xpath=//label[@class='faefc93c6f c21e900fd3 c737ebb2b7']
For documentation on this error, please visit: https://www.seleniumhq.org/exceptions/no_such_element.html
Build info: version: '3.141.59', revision: 'e82be7d358', time: '2018-11-14T08:17:03'
System info: host: 'DESKTOP-TIC5DM4', ip: '172.20.0.59', os.name: 'Windows 10', os.arch: 'x86', os.version: '10.0', java.version: '1.8.0_411'
Driver info: driver.version: RemoteWebDriver
at org.openqa.selenium.remote.RemoteWebDriver.findElement(RemoteWebDriver.java:327)
at org.openqa.selenium.remote.RemoteWebDriver.findElementByXPath(RemoteWebDriver.java:428)
at org.openqa.selenium.By$ByXPath.findElement(By.java:353)
at org.openqa.selenium.remote.RemoteWebDriver.findElement(RemoteWebDriver.java:315)
at com.App.Testcases.filtersTestCase.i_filter_results_by(filtersTestCase.java:65)
at ✽.I filter results by "Free Cancellation"(file:///C:/Users/Administrator/eclipse-workspace/BookingApplication/src/test/resources/features/filters.feature:5)
]]>
            </full-stacktrace>
          </exception> <!-- org.openqa.selenium.NoSuchElementException -->
          <reporter-output>
          </reporter-output>
        </test-method> <!-- runScenario -->
        <test-method status="PASS" signature="tearDownClass()[pri:0, instance:com.App.Testcases.testrunner@1ef1869]" name="tearDownClass" is-config="true" duration-ms="5" started-at="2024-09-05T18:32:19 IST" finished-at="2024-09-05T18:32:19 IST">
          <reporter-output>
          </reporter-output>
        </test-method> <!-- tearDownClass -->
      </class> <!-- com.App.Testcases.testrunner -->
    </test> <!-- Test -->
  </suite> <!-- Suite -->
</testng-results>
