{"uuid":"521cf13b-77ed-4ff5-9783-cfc2448ea5ca","historyId":"b085f7da4824f70f836fb8890189be47","fullName":"Register and signIn into the Application: Trying to register and sign into the account","labels":[{"name":"tag","value":"Register"},{"name":"host","value":"DESKTOP-TIC5DM4"},{"name":"thread","value":"59580@DESKTOP-TIC5DM4.main(1)"},{"name":"feature","value":"Register and signIn into the Application"},{"name":"story","value":"Trying to register and sign into the account"},{"name":"suite","value":"Register and signIn into the Application"},{"name":"testClass","value":"Trying to register and sign into the account"},{"name":"framework","value":"cucumber6jvm"},{"name":"language","value":"java"},{"name":"gherkin_uri","value":"file:///C:/Users/Administrator/eclipse-workspace/BookingProject/src/test/resources/features/Register.feature"},{"name":"package","value":"src.test.resources.features.Register_feature.Register and signIn into the Application"}],"links":[],"name":"Trying to register and sign into the account","status":"broken","statusDetails":{"known":false,"muted":false,"flaky":false,"message":"element click intercepted: Element <a data-testid=\"header-sign-up-button\" aria-label=\"Create an account\" href=\"https://account.booking.com/auth/oauth2?client_id=vO1Kblk7xX9tUn2cpZLS&amp;redirect_uri=https%3A%2F%2Fsecure.booking.com%2Flogin.html%3Fop%3Doauth_return&amp;response_type=code&amp;lang=en-gb&amp;aid=304142&amp;bkng_action=index&amp;prompt=signin&amp;state=UpoDNCqpRi4DaFscqVbkcSGFhk0FClKAB6jVdVCduTye8qp51RGHK5afJDAYCco8wsFElrJ6H-qA3Oqi4wF4L3W-lB27u3eorvSVK9RXxWkoH39QdEWuepZgF9pWAUDI5KZAJrItSIGfUieuHgbi6MNCw7s7B20yjFbR4NDxZZdrLx6Lju2rxrGElrAl45sq3XRVpaRKjW_MAG18fCZB8V3hvwJICPbAm3ZtCvbvcGNAzwtEedBipWmY61K56x0P8kqvGWKUkLM3AXuwG_GVbmDN8HidrmWYmaxtt7l7iJ64Y_aaxFDRjE7s8g75ZgYGeDd0HSwmhf1dQxIwOAmeSsUtSdt74UA2nw_bWK4LYS5c8UbogqomxpAO8nLo_P9Th5Tk4KeyO4c3BoJ2CDZlXbaNmliJFgMNBVat1EzGT_wPSkgfYZtrOCHuQQWGROKUlAzAiiSbI75kw2lz-50QJ5zTgIwB87iKBSYbi3UMb-QURw494ucNTCtL4f5ya16A34BwP4A-Ss4xqcVj_nZw_Ud6OxoZ4kpntf1WDjI%3D*eyJpZCI6InRyYXZlbGxlcl9oZWFkZXIifQ%3D%3D\" class=\"dba1b3bddf e99c25fd33 ea757ee64b a86bcdb87f ea220f5cdc js-header-login-link\">...</a> is not clickable at point (871, 36). Other element would receive the click: <div class=\"ab5581ebb7\">...</div>\n  (Session info: chrome=128.0.6613.85)\nBuild info: version: '3.141.59', revision: 'e82be7d358', time: '2018-11-14T08:17:03'\nSystem info: host: 'DESKTOP-TIC5DM4', ip: '172.20.0.59', os.name: 'Windows 10', os.arch: 'amd64', os.version: '10.0', java.version: '22.0.1'\nDriver info: org.openqa.selenium.chrome.ChromeDriver\nCapabilities {acceptInsecureCerts: false, browserName: chrome, browserVersion: 128.0.6613.85, chrome: {chromedriverVersion: 127.0.6533.88 (a2d0cb026721..., userDataDir: C:\\Windows\\SystemTemp\\scope...}, fedcm:accounts: true, goog:chromeOptions: {debuggerAddress: localhost:57047}, javascriptEnabled: true, networkConnectionEnabled: false, pageLoadStrategy: normal, platform: WINDOWS, platformName: WINDOWS, proxy: Proxy(), setWindowRect: true, strictFileInteractability: false, timeouts: {implicit: 0, pageLoad: 300000, script: 30000}, unhandledPromptBehavior: dismiss and notify, webauthn:extension:credBlob: true, webauthn:extension:largeBlob: true, webauthn:extension:minPinLength: true, webauthn:extension:prf: true, webauthn:virtualAuthenticators: true}\nSession ID: cf264fe50698d090ec831255cb2adeba","trace":"org.openqa.selenium.ElementClickInterceptedException: element click intercepted: Element <a data-testid=\"header-sign-up-button\" aria-label=\"Create an account\" href=\"https://account.booking.com/auth/oauth2?client_id=vO1Kblk7xX9tUn2cpZLS&amp;redirect_uri=https%3A%2F%2Fsecure.booking.com%2Flogin.html%3Fop%3Doauth_return&amp;response_type=code&amp;lang=en-gb&amp;aid=304142&amp;bkng_action=index&amp;prompt=signin&amp;state=UpoDNCqpRi4DaFscqVbkcSGFhk0FClKAB6jVdVCduTye8qp51RGHK5afJDAYCco8wsFElrJ6H-qA3Oqi4wF4L3W-lB27u3eorvSVK9RXxWkoH39QdEWuepZgF9pWAUDI5KZAJrItSIGfUieuHgbi6MNCw7s7B20yjFbR4NDxZZdrLx6Lju2rxrGElrAl45sq3XRVpaRKjW_MAG18fCZB8V3hvwJICPbAm3ZtCvbvcGNAzwtEedBipWmY61K56x0P8kqvGWKUkLM3AXuwG_GVbmDN8HidrmWYmaxtt7l7iJ64Y_aaxFDRjE7s8g75ZgYGeDd0HSwmhf1dQxIwOAmeSsUtSdt74UA2nw_bWK4LYS5c8UbogqomxpAO8nLo_P9Th5Tk4KeyO4c3BoJ2CDZlXbaNmliJFgMNBVat1EzGT_wPSkgfYZtrOCHuQQWGROKUlAzAiiSbI75kw2lz-50QJ5zTgIwB87iKBSYbi3UMb-QURw494ucNTCtL4f5ya16A34BwP4A-Ss4xqcVj_nZw_Ud6OxoZ4kpntf1WDjI%3D*eyJpZCI6InRyYXZlbGxlcl9oZWFkZXIifQ%3D%3D\" class=\"dba1b3bddf e99c25fd33 ea757ee64b a86bcdb87f ea220f5cdc js-header-login-link\">...</a> is not clickable at point (871, 36). Other element would receive the click: <div class=\"ab5581ebb7\">...</div>\n  (Session info: chrome=128.0.6613.85)\nBuild info: version: '3.141.59', revision: 'e82be7d358', time: '2018-11-14T08:17:03'\nSystem info: host: 'DESKTOP-TIC5DM4', ip: '172.20.0.59', os.name: 'Windows 10', os.arch: 'amd64', os.version: '10.0', java.version: '22.0.1'\nDriver info: org.openqa.selenium.chrome.ChromeDriver\nCapabilities {acceptInsecureCerts: false, browserName: chrome, browserVersion: 128.0.6613.85, chrome: {chromedriverVersion: 127.0.6533.88 (a2d0cb026721..., userDataDir: C:\\Windows\\SystemTemp\\scope...}, fedcm:accounts: true, goog:chromeOptions: {debuggerAddress: localhost:57047}, javascriptEnabled: true, networkConnectionEnabled: false, pageLoadStrategy: normal, platform: WINDOWS, platformName: WINDOWS, proxy: Proxy(), setWindowRect: true, strictFileInteractability: false, timeouts: {implicit: 0, pageLoad: 300000, script: 30000}, unhandledPromptBehavior: dismiss and notify, webauthn:extension:credBlob: true, webauthn:extension:largeBlob: true, webauthn:extension:minPinLength: true, webauthn:extension:prf: true, webauthn:virtualAuthenticators: true}\nSession ID: cf264fe50698d090ec831255cb2adeba\r\n\tat java.base/jdk.internal.reflect.DirectConstructorHandleAccessor.newInstance(DirectConstructorHandleAccessor.java:62)\r\n\tat java.base/java.lang.reflect.Constructor.newInstanceWithCaller(Constructor.java:502)\r\n\tat java.base/java.lang.reflect.Constructor.newInstance(Constructor.java:486)\r\n\tat org.openqa.selenium.remote.http.W3CHttpResponseCodec.createException(W3CHttpResponseCodec.java:187)\r\n\tat org.openqa.selenium.remote.http.W3CHttpResponseCodec.decode(W3CHttpResponseCodec.java:122)\r\n\tat org.openqa.selenium.remote.http.W3CHttpResponseCodec.decode(W3CHttpResponseCodec.java:49)\r\n\tat org.openqa.selenium.remote.HttpCommandExecutor.execute(HttpCommandExecutor.java:158)\r\n\tat org.openqa.selenium.remote.service.DriverCommandExecutor.execute(DriverCommandExecutor.java:83)\r\n\tat org.openqa.selenium.remote.RemoteWebDriver.execute(RemoteWebDriver.java:552)\r\n\tat org.openqa.selenium.remote.RemoteWebElement.execute(RemoteWebElement.java:285)\r\n\tat org.openqa.selenium.remote.RemoteWebElement.click(RemoteWebElement.java:84)\r\n\tat com.App.PageObjects.register.clickRegister(register.java:16)\r\n\tat com.App.Testcases.registerTestCase.he_enters_and_and(registerTestCase.java:30)\r\n\tat ✽.he enters \"t1@yopmail.com\" and \"Assm@7866\" and \"Assm@7866\"(file:///C:/Users/Administrator/eclipse-workspace/BookingProject/src/test/resources/features/Register.feature:5)\r\n"},"stage":"finished","steps":[{"name":"Given  User on the Home Pagee","status":"passed","statusDetails":{"known":false,"muted":false,"flaky":false},"stage":"finished","steps":[],"attachments":[],"parameters":[],"start":1724862197642,"stop":1724862201551},{"name":"When  he enters \"t1@yopmail.com\" and \"Assm@7866\" and \"Assm@7866\"","status":"broken","statusDetails":{"known":false,"muted":false,"flaky":false,"message":"element click intercepted: Element <a data-testid=\"header-sign-up-button\" aria-label=\"Create an account\" href=\"https://account.booking.com/auth/oauth2?client_id=vO1Kblk7xX9tUn2cpZLS&amp;redirect_uri=https%3A%2F%2Fsecure.booking.com%2Flogin.html%3Fop%3Doauth_return&amp;response_type=code&amp;lang=en-gb&amp;aid=304142&amp;bkng_action=index&amp;prompt=signin&amp;state=UpoDNCqpRi4DaFscqVbkcSGFhk0FClKAB6jVdVCduTye8qp51RGHK5afJDAYCco8wsFElrJ6H-qA3Oqi4wF4L3W-lB27u3eorvSVK9RXxWkoH39QdEWuepZgF9pWAUDI5KZAJrItSIGfUieuHgbi6MNCw7s7B20yjFbR4NDxZZdrLx6Lju2rxrGElrAl45sq3XRVpaRKjW_MAG18fCZB8V3hvwJICPbAm3ZtCvbvcGNAzwtEedBipWmY61K56x0P8kqvGWKUkLM3AXuwG_GVbmDN8HidrmWYmaxtt7l7iJ64Y_aaxFDRjE7s8g75ZgYGeDd0HSwmhf1dQxIwOAmeSsUtSdt74UA2nw_bWK4LYS5c8UbogqomxpAO8nLo_P9Th5Tk4KeyO4c3BoJ2CDZlXbaNmliJFgMNBVat1EzGT_wPSkgfYZtrOCHuQQWGROKUlAzAiiSbI75kw2lz-50QJ5zTgIwB87iKBSYbi3UMb-QURw494ucNTCtL4f5ya16A34BwP4A-Ss4xqcVj_nZw_Ud6OxoZ4kpntf1WDjI%3D*eyJpZCI6InRyYXZlbGxlcl9oZWFkZXIifQ%3D%3D\" class=\"dba1b3bddf e99c25fd33 ea757ee64b a86bcdb87f ea220f5cdc js-header-login-link\">...</a> is not clickable at point (871, 36). Other element would receive the click: <div class=\"ab5581ebb7\">...</div>\n  (Session info: chrome=128.0.6613.85)\nBuild info: version: '3.141.59', revision: 'e82be7d358', time: '2018-11-14T08:17:03'\nSystem info: host: 'DESKTOP-TIC5DM4', ip: '172.20.0.59', os.name: 'Windows 10', os.arch: 'amd64', os.version: '10.0', java.version: '22.0.1'\nDriver info: org.openqa.selenium.chrome.ChromeDriver\nCapabilities {acceptInsecureCerts: false, browserName: chrome, browserVersion: 128.0.6613.85, chrome: {chromedriverVersion: 127.0.6533.88 (a2d0cb026721..., userDataDir: C:\\Windows\\SystemTemp\\scope...}, fedcm:accounts: true, goog:chromeOptions: {debuggerAddress: localhost:57047}, javascriptEnabled: true, networkConnectionEnabled: false, pageLoadStrategy: normal, platform: WINDOWS, platformName: WINDOWS, proxy: Proxy(), setWindowRect: true, strictFileInteractability: false, timeouts: {implicit: 0, pageLoad: 300000, script: 30000}, unhandledPromptBehavior: dismiss and notify, webauthn:extension:credBlob: true, webauthn:extension:largeBlob: true, webauthn:extension:minPinLength: true, webauthn:extension:prf: true, webauthn:virtualAuthenticators: true}\nSession ID: cf264fe50698d090ec831255cb2adeba","trace":"org.openqa.selenium.ElementClickInterceptedException: element click intercepted: Element <a data-testid=\"header-sign-up-button\" aria-label=\"Create an account\" href=\"https://account.booking.com/auth/oauth2?client_id=vO1Kblk7xX9tUn2cpZLS&amp;redirect_uri=https%3A%2F%2Fsecure.booking.com%2Flogin.html%3Fop%3Doauth_return&amp;response_type=code&amp;lang=en-gb&amp;aid=304142&amp;bkng_action=index&amp;prompt=signin&amp;state=UpoDNCqpRi4DaFscqVbkcSGFhk0FClKAB6jVdVCduTye8qp51RGHK5afJDAYCco8wsFElrJ6H-qA3Oqi4wF4L3W-lB27u3eorvSVK9RXxWkoH39QdEWuepZgF9pWAUDI5KZAJrItSIGfUieuHgbi6MNCw7s7B20yjFbR4NDxZZdrLx6Lju2rxrGElrAl45sq3XRVpaRKjW_MAG18fCZB8V3hvwJICPbAm3ZtCvbvcGNAzwtEedBipWmY61K56x0P8kqvGWKUkLM3AXuwG_GVbmDN8HidrmWYmaxtt7l7iJ64Y_aaxFDRjE7s8g75ZgYGeDd0HSwmhf1dQxIwOAmeSsUtSdt74UA2nw_bWK4LYS5c8UbogqomxpAO8nLo_P9Th5Tk4KeyO4c3BoJ2CDZlXbaNmliJFgMNBVat1EzGT_wPSkgfYZtrOCHuQQWGROKUlAzAiiSbI75kw2lz-50QJ5zTgIwB87iKBSYbi3UMb-QURw494ucNTCtL4f5ya16A34BwP4A-Ss4xqcVj_nZw_Ud6OxoZ4kpntf1WDjI%3D*eyJpZCI6InRyYXZlbGxlcl9oZWFkZXIifQ%3D%3D\" class=\"dba1b3bddf e99c25fd33 ea757ee64b a86bcdb87f ea220f5cdc js-header-login-link\">...</a> is not clickable at point (871, 36). Other element would receive the click: <div class=\"ab5581ebb7\">...</div>\n  (Session info: chrome=128.0.6613.85)\nBuild info: version: '3.141.59', revision: 'e82be7d358', time: '2018-11-14T08:17:03'\nSystem info: host: 'DESKTOP-TIC5DM4', ip: '172.20.0.59', os.name: 'Windows 10', os.arch: 'amd64', os.version: '10.0', java.version: '22.0.1'\nDriver info: org.openqa.selenium.chrome.ChromeDriver\nCapabilities {acceptInsecureCerts: false, browserName: chrome, browserVersion: 128.0.6613.85, chrome: {chromedriverVersion: 127.0.6533.88 (a2d0cb026721..., userDataDir: C:\\Windows\\SystemTemp\\scope...}, fedcm:accounts: true, goog:chromeOptions: {debuggerAddress: localhost:57047}, javascriptEnabled: true, networkConnectionEnabled: false, pageLoadStrategy: normal, platform: WINDOWS, platformName: WINDOWS, proxy: Proxy(), setWindowRect: true, strictFileInteractability: false, timeouts: {implicit: 0, pageLoad: 300000, script: 30000}, unhandledPromptBehavior: dismiss and notify, webauthn:extension:credBlob: true, webauthn:extension:largeBlob: true, webauthn:extension:minPinLength: true, webauthn:extension:prf: true, webauthn:virtualAuthenticators: true}\nSession ID: cf264fe50698d090ec831255cb2adeba\r\n\tat java.base/jdk.internal.reflect.DirectConstructorHandleAccessor.newInstance(DirectConstructorHandleAccessor.java:62)\r\n\tat java.base/java.lang.reflect.Constructor.newInstanceWithCaller(Constructor.java:502)\r\n\tat java.base/java.lang.reflect.Constructor.newInstance(Constructor.java:486)\r\n\tat org.openqa.selenium.remote.http.W3CHttpResponseCodec.createException(W3CHttpResponseCodec.java:187)\r\n\tat org.openqa.selenium.remote.http.W3CHttpResponseCodec.decode(W3CHttpResponseCodec.java:122)\r\n\tat org.openqa.selenium.remote.http.W3CHttpResponseCodec.decode(W3CHttpResponseCodec.java:49)\r\n\tat org.openqa.selenium.remote.HttpCommandExecutor.execute(HttpCommandExecutor.java:158)\r\n\tat org.openqa.selenium.remote.service.DriverCommandExecutor.execute(DriverCommandExecutor.java:83)\r\n\tat org.openqa.selenium.remote.RemoteWebDriver.execute(RemoteWebDriver.java:552)\r\n\tat org.openqa.selenium.remote.RemoteWebElement.execute(RemoteWebElement.java:285)\r\n\tat org.openqa.selenium.remote.RemoteWebElement.click(RemoteWebElement.java:84)\r\n\tat com.App.PageObjects.register.clickRegister(register.java:16)\r\n\tat com.App.Testcases.registerTestCase.he_enters_and_and(registerTestCase.java:30)\r\n\tat ✽.he enters \"t1@yopmail.com\" and \"Assm@7866\" and \"Assm@7866\"(file:///C:/Users/Administrator/eclipse-workspace/BookingProject/src/test/resources/features/Register.feature:5)\r\n"},"stage":"finished","steps":[],"attachments":[],"parameters":[],"start":1724862201552,"stop":1724862205300},{"name":"Then  user receives the Confirmation mail to user mail ID","status":"skipped","statusDetails":{"known":false,"muted":false,"flaky":false},"stage":"finished","steps":[],"attachments":[],"parameters":[],"start":1724862205302,"stop":1724862205303}],"attachments":[],"parameters":[{"name":"email","value":"t1@yopmail.com"},{"name":"password","value":"Assm@7866"},{"name":"Cpassword","value":"Assm@7866"}],"start":1724862197642,"stop":1724862205303}