<?xml version="1.0" encoding="UTF-8"?>
<testng-results ignored="0" total="2" passed="2" failed="0" skipped="0">
  <reporter-output>
  </reporter-output>
  <suite started-at="2024-08-14T16:37:40 IST" name="Suite" finished-at="2024-08-14T16:38:23 IST" duration-ms="42645">
    <groups>
      <group name="cucumber">
        <method signature="AbstractTestNGCucumberTests.runScenario(io.cucumber.testng.PickleWrapper, io.cucumber.testng.FeatureWrapper)[pri:0, instance:com.App.Testcases.testrunner@7b02881e]" name="runScenario" class="io.cucumber.testng.AbstractTestNGCucumberTests"/>
      </group> <!-- cucumber -->
    </groups>
    <test started-at="2024-08-14T16:37:40 IST" name="Test" finished-at="2024-08-14T16:38:23 IST" duration-ms="42645">
      <class name="com.App.Testcases.testrunner">
        <test-method is-config="true" signature="setUpClass()[pri:0, instance:com.App.Testcases.testrunner@7b02881e]" started-at="2024-08-14T16:37:40 IST" name="setUpClass" finished-at="2024-08-14T16:37:41 IST" duration-ms="404" status="PASS">
          <reporter-output>
          </reporter-output>
        </test-method> <!-- setUpClass -->
        <test-method signature="runScenario(io.cucumber.testng.PickleWrapper, io.cucumber.testng.FeatureWrapper)[pri:0, instance:com.App.Testcases.testrunner@7b02881e]" started-at="2024-08-14T16:37:41 IST" name="runScenario" description="Runs Cucumber Scenarios" data-provider="scenarios" finished-at="2024-08-14T16:37:57 IST" duration-ms="16451" status="PASS">
          <params>
            <param index="0">
              <value>
                <![CDATA["Valid Login"]]>
              </value>
            </param>
            <param index="1">
              <value>
                <![CDATA["Optional[Checking login Functionality]"]]>
              </value>
            </param>
          </params>
          <reporter-output>
          </reporter-output>
        </test-method> <!-- runScenario -->
        <test-method signature="runScenario(io.cucumber.testng.PickleWrapper, io.cucumber.testng.FeatureWrapper)[pri:0, instance:com.App.Testcases.testrunner@7b02881e]" started-at="2024-08-14T16:37:57 IST" name="runScenario" description="Runs Cucumber Scenarios" data-provider="scenarios" finished-at="2024-08-14T16:38:23 IST" duration-ms="25724" status="PASS">
          <params>
            <param index="0">
              <value>
                <![CDATA["Invalid Login"]]>
              </value>
            </param>
            <param index="1">
              <value>
                <![CDATA["Optional[Checking login Functionality]"]]>
              </value>
            </param>
          </params>
          <reporter-output>
          </reporter-output>
        </test-method> <!-- runScenario -->
        <test-method is-config="true" signature="tearDownClass()[pri:0, instance:com.App.Testcases.testrunner@7b02881e]" started-at="2024-08-14T16:38:23 IST" name="tearDownClass" finished-at="2024-08-14T16:38:23 IST" duration-ms="7" status="PASS">
          <reporter-output>
          </reporter-output>
        </test-method> <!-- tearDownClass -->
      </class> <!-- com.App.Testcases.testrunner -->
    </test> <!-- Test -->
  </suite> <!-- Suite -->
</testng-results>
