<?xml version="1.0" encoding="UTF-8"?>
<!-- Generated by org.testng.reporters.JUnitXMLReporter -->
<testsuite hostname="DESKTOP-TIC5DM4" ignored="0" name="Test" tests="1" failures="1" timestamp="2024-09-05T18:32:19 IST" time="28.192" errors="0">
  <testcase name="runScenario" time="27.625" classname="io.cucumber.testng.AbstractTestNGCucumberTests">
    <failure type="org.openqa.selenium.NoSuchElementException" message="Cannot locate an element using xpath=//label[@class=&amp;apos;faefc93c6f c21e900fd3 c737ebb2b7&amp;apos;]
For documentation on this error, please visit: https://www.seleniumhq.org/exceptions/no_such_element.html
Build info: version: &amp;apos;3.141.59&amp;apos;, revision: &amp;apos;e82be7d358&amp;apos;, time: &amp;apos;2018-11-14T08:17:03&amp;apos;
System info: host: &amp;apos;DESKTOP-TIC5DM4&amp;apos;, ip: &amp;apos;172.20.0.59&amp;apos;, os.name: &amp;apos;Windows 10&amp;apos;, os.arch: &amp;apos;x86&amp;apos;, os.version: &amp;apos;10.0&amp;apos;, java.version: &amp;apos;1.8.0_411&amp;apos;
Driver info: driver.version: RemoteWebDriver">
      <![CDATA[org.openqa.selenium.NoSuchElementException: Cannot locate an element using xpath=//label[@class='faefc93c6f c21e900fd3 c737ebb2b7']
For documentation on this error, please visit: https://www.seleniumhq.org/exceptions/no_such_element.html
Build info: version: '3.141.59', revision: 'e82be7d358', time: '2018-11-14T08:17:03'
System info: host: 'DESKTOP-TIC5DM4', ip: '172.20.0.59', os.name: 'Windows 10', os.arch: 'x86', os.version: '10.0', java.version: '1.8.0_411'
Driver info: driver.version: RemoteWebDriver
at org.openqa.selenium.remote.RemoteWebDriver.findElement(RemoteWebDriver.java:327)
at org.openqa.selenium.remote.RemoteWebDriver.findElementByXPath(RemoteWebDriver.java:428)
at org.openqa.selenium.By$ByXPath.findElement(By.java:353)
at org.openqa.selenium.remote.RemoteWebDriver.findElement(RemoteWebDriver.java:315)
at com.App.Testcases.filtersTestCase.i_filter_results_by(filtersTestCase.java:65)
at ✽.I filter results by "Free Cancellation"(file:///C:/Users/Administrator/eclipse-workspace/BookingApplication/src/test/resources/features/filters.feature:5)
]]>
    </failure>
  </testcase> <!-- runScenario -->
</testsuite> <!-- Test -->
