-------------------------------------------------------------------------------
Test set: TestSuite
-------------------------------------------------------------------------------
Tests run: 2, Failures: 1, Errors: 0, Skipped: 0, Time elapsed: 17.111 s <<< FAILURE! - in TestSuite
Package.tc2.f on [tc2 passed=0 failed=0 skipped=0]  Time elapsed: 6.38 s  <<< FAILURE!
java.lang.AssertionError: expected [Demo Web Shop] but found [Demo Web Shops]
	at Package.tc2.f(tc2.java:15)

