<?xml version="1.0" encoding="UTF-8"?>
<!-- Generated by org.testng.reporters.JUnitReportReporter -->
<testsuite skipped="0" hostname="DESKTOP-TIC5DM4" name="com.App.Testcases.testrunner" tests="1" failures="0" timestamp="2024-08-28T15:32:40 IST" time="5.130" errors="1">
  <testcase name="runScenario" time="5.130" classname="com.App.Testcases.testrunner">
    <error type="java.lang.NullPointerException">
      <![CDATA[java.lang.NullPointerException
at com.App.PageObjects.HomePage.enterSearchCriteria(HomePage.java:24)
at com.App.Testcases.HomePageTest.i_search_for_with_check_in_date_and_check_out_date_and_guests(HomePageTest.java:24)
at ✽.I search for "New York" with check-in date "2024-12-01" and check-out date "2024-12-07" and 2 guests(file:///C:/Users/Administrator/eclipse-workspace/Booking/src/test/resources/features/search.feature:6)
]]>
    </error>
  </testcase> <!-- runScenario -->
  <system-out/>
</testsuite> <!-- com.App.Testcases.testrunner -->
