<?xml version="1.0" encoding="UTF-8"?>
<!-- Generated by org.testng.reporters.JUnitXMLReporter -->
<testsuite ignored="0" hostname="DESKTOP-TIC5DM4" failures="6" tests="7" name="Test" time="14.307" errors="0" timestamp="2024-08-27T10:18:58 IST">
  <testcase classname="io.cucumber.testng.AbstractTestNGCucumberTests" name="runScenario" time="0.469">
    <failure type="java.lang.NullPointerException" message="Cannot invoke &amp;quot;com.relevantcodes.extentreports.ExtentReports.startTest(String)&amp;quot; because &amp;quot;com.App.Utilities.ReportGenerator.extent&amp;quot; is null">
      <![CDATA[java.lang.NullPointerException: Cannot invoke "com.relevantcodes.extentreports.ExtentReports.startTest(String)" because "com.App.Utilities.ReportGenerator.extent" is null
at com.App.Utilities.ReportGenerator.startTest(ReportGenerator.java:17)
at com.App.Testcases.searchTestCase.user_on_the_Home_Page(searchTestCase.java:28)
at ✽.User on the Home Page(file:///C:/Users/Administrator/eclipse-workspace/Cucumber_DemoWebshop/src/test/resources/features/search.feature:4)
]]>
    </failure>
  </testcase> <!-- runScenario -->
  <testcase classname="io.cucumber.testng.AbstractTestNGCucumberTests" name="runScenario" time="0.471">
    <failure type="java.lang.NullPointerException" message="Cannot invoke &amp;quot;com.relevantcodes.extentreports.ExtentReports.startTest(String)&amp;quot; because &amp;quot;com.App.Utilities.ReportGenerator.extent&amp;quot; is null">
      <![CDATA[java.lang.NullPointerException: Cannot invoke "com.relevantcodes.extentreports.ExtentReports.startTest(String)" because "com.App.Utilities.ReportGenerator.extent" is null
at com.App.Utilities.ReportGenerator.startTest(ReportGenerator.java:17)
at com.App.Testcases.loginTestCase.the_user_is_in_the_login_page_with_multiple_data(loginTestCase.java:24)
at ✽.the user is in the login page with multiple data(file:///C:/Users/Administrator/eclipse-workspace/Cucumber_DemoWebshop/src/test/resources/features/login.feature:5)
]]>
    </failure>
  </testcase> <!-- runScenario -->
  <testcase classname="io.cucumber.testng.AbstractTestNGCucumberTests" name="runScenario" time="0.471">
    <failure type="java.lang.NullPointerException" message="Cannot invoke &amp;quot;com.relevantcodes.extentreports.ExtentReports.startTest(String)&amp;quot; because &amp;quot;com.App.Utilities.ReportGenerator.extent&amp;quot; is null">
      <![CDATA[java.lang.NullPointerException: Cannot invoke "com.relevantcodes.extentreports.ExtentReports.startTest(String)" because "com.App.Utilities.ReportGenerator.extent" is null
at com.App.Utilities.ReportGenerator.startTest(ReportGenerator.java:17)
at com.App.Testcases.loginTestCase.the_user_is_in_the_login_page_with_multiple_data(loginTestCase.java:24)
at ✽.the user is in the login page with multiple data(file:///C:/Users/Administrator/eclipse-workspace/Cucumber_DemoWebshop/src/test/resources/features/login.feature:5)
]]>
    </failure>
  </testcase> <!-- runScenario -->
  <testcase classname="io.cucumber.testng.AbstractTestNGCucumberTests" name="runScenario" time="0.494">
    <failure type="java.lang.NullPointerException" message="Cannot invoke &amp;quot;com.relevantcodes.extentreports.ExtentReports.startTest(String)&amp;quot; because &amp;quot;com.App.Utilities.ReportGenerator.extent&amp;quot; is null">
      <![CDATA[java.lang.NullPointerException: Cannot invoke "com.relevantcodes.extentreports.ExtentReports.startTest(String)" because "com.App.Utilities.ReportGenerator.extent" is null
at com.App.Utilities.ReportGenerator.startTest(ReportGenerator.java:17)
at com.App.Testcases.logoutTestCase.user_is_in_the_Home_Page(logoutTestCase.java:21)
at ✽.user is in the Home Page(file:///C:/Users/Administrator/eclipse-workspace/Cucumber_DemoWebshop/src/test/resources/features/logout.feature:4)
]]>
    </failure>
  </testcase> <!-- runScenario -->
  <testcase classname="io.cucumber.testng.AbstractTestNGCucumberTests" name="runScenario" time="0.47">
    <failure type="java.lang.NullPointerException" message="Cannot invoke &amp;quot;com.relevantcodes.extentreports.ExtentReports.startTest(String)&amp;quot; because &amp;quot;com.App.Utilities.ReportGenerator.extent&amp;quot; is null">
      <![CDATA[java.lang.NullPointerException: Cannot invoke "com.relevantcodes.extentreports.ExtentReports.startTest(String)" because "com.App.Utilities.ReportGenerator.extent" is null
at com.App.Utilities.ReportGenerator.startTest(ReportGenerator.java:17)
at com.App.Testcases.registerTestCase.user_is_in_the_Home_Page_to_enter_details(registerTestCase.java:24)
at ✽.user is in the Home Page to enter details(file:///C:/Users/Administrator/eclipse-workspace/Cucumber_DemoWebshop/src/test/resources/features/register.feature:4)
]]>
    </failure>
  </testcase> <!-- runScenario -->
  <testcase classname="io.cucumber.testng.AbstractTestNGCucumberTests" name="runScenario" time="0.498">
    <failure type="java.lang.NullPointerException" message="Cannot invoke &amp;quot;com.relevantcodes.extentreports.ExtentReports.startTest(String)&amp;quot; because &amp;quot;com.App.Utilities.ReportGenerator.extent&amp;quot; is null">
      <![CDATA[java.lang.NullPointerException: Cannot invoke "com.relevantcodes.extentreports.ExtentReports.startTest(String)" because "com.App.Utilities.ReportGenerator.extent" is null
at com.App.Utilities.ReportGenerator.startTest(ReportGenerator.java:17)
at com.App.Testcases.loginTestCase.the_user_is_in_the_login_page_with_multiple_data(loginTestCase.java:24)
at ✽.the user is in the login page with multiple data(file:///C:/Users/Administrator/eclipse-workspace/Cucumber_DemoWebshop/src/test/resources/features/login.feature:5)
]]>
    </failure>
  </testcase> <!-- runScenario -->
  <testcase classname="io.cucumber.testng.AbstractTestNGCucumberTests" name="runScenario" time="13.527"/>
</testsuite> <!-- Test -->
