<?xml version="1.0" encoding="UTF-8"?>
<testng-results skipped="0" failed="1" ignored="0" total="1" passed="0">
  <reporter-output>
  </reporter-output>
  <suite name="Suite" duration-ms="5655" started-at="2024-08-28T15:32:35 IST" finished-at="2024-08-28T15:32:40 IST">
    <groups>
      <group name="cucumber">
        <method signature="AbstractTestNGCucumberTests.runScenario(io.cucumber.testng.PickleWrapper, io.cucumber.testng.FeatureWrapper)[pri:0, instance:com.App.Testcases.testrunner@1b9a632]" name="runScenario" class="io.cucumber.testng.AbstractTestNGCucumberTests"/>
      </group> <!-- cucumber -->
    </groups>
    <test name="Test" duration-ms="5655" started-at="2024-08-28T15:32:35 IST" finished-at="2024-08-28T15:32:40 IST">
      <class name="com.App.Testcases.testrunner">
        <test-method status="PASS" signature="setUpClass()[pri:0, instance:com.App.Testcases.testrunner@1b9a632]" name="setUpClass" is-config="true" duration-ms="366" started-at="2024-08-28T15:32:35 IST" finished-at="2024-08-28T15:32:35 IST">
          <reporter-output>
          </reporter-output>
        </test-method> <!-- setUpClass -->
        <test-method status="FAIL" signature="runScenario(io.cucumber.testng.PickleWrapper, io.cucumber.testng.FeatureWrapper)[pri:0, instance:com.App.Testcases.testrunner@1b9a632]" name="runScenario" duration-ms="5130" started-at="2024-08-28T15:32:35 IST" description="Runs Cucumber Scenarios" data-provider="scenarios" finished-at="2024-08-28T15:32:40 IST">
          <params>
            <param index="0">
              <value>
                <![CDATA["Validate search functionality"]]>
              </value>
            </param>
            <param index="1">
              <value>
                <![CDATA["Optional[Booking.com UI Testing]"]]>
              </value>
            </param>
          </params>
          <exception class="java.lang.NullPointerException">
            <full-stacktrace>
              <![CDATA[java.lang.NullPointerException
at com.App.PageObjects.HomePage.enterSearchCriteria(HomePage.java:24)
at com.App.Testcases.HomePageTest.i_search_for_with_check_in_date_and_check_out_date_and_guests(HomePageTest.java:24)
at ✽.I search for "New York" with check-in date "2024-12-01" and check-out date "2024-12-07" and 2 guests(file:///C:/Users/Administrator/eclipse-workspace/Booking/src/test/resources/features/search.feature:6)
]]>
            </full-stacktrace>
          </exception> <!-- java.lang.NullPointerException -->
          <reporter-output>
          </reporter-output>
        </test-method> <!-- runScenario -->
        <test-method status="PASS" signature="tearDownClass()[pri:0, instance:com.App.Testcases.testrunner@1b9a632]" name="tearDownClass" is-config="true" duration-ms="5" started-at="2024-08-28T15:32:40 IST" finished-at="2024-08-28T15:32:40 IST">
          <reporter-output>
          </reporter-output>
        </test-method> <!-- tearDownClass -->
      </class> <!-- com.App.Testcases.testrunner -->
    </test> <!-- Test -->
  </suite> <!-- Suite -->
</testng-results>
