-------------------------------------------------------------------------------
Test set: TestSuite
-------------------------------------------------------------------------------
Tests run: 1, Failures: 1, Errors: 0, Skipped: 0, Time elapsed: 6.635 s <<< FAILURE! - in TestSuite
runScenario(com.App.Testcases.testrunner)  Time elapsed: 5.141 s  <<< FAILURE!
java.lang.NullPointerException

