<?xml version="1.0" encoding="UTF-8"?>
<testng-results ignored="0" total="7" passed="6" failed="1" skipped="0">
  <reporter-output>
  </reporter-output>
  <suite started-at="2024-08-27T13:25:54 IST" name="Suite" finished-at="2024-08-27T13:27:12 IST" duration-ms="77807">
    <groups>
      <group name="cucumber">
        <method signature="AbstractTestNGCucumberTests.runScenario(io.cucumber.testng.PickleWrapper, io.cucumber.testng.FeatureWrapper)[pri:0, instance:com.App.Testcases.testrunner@6221a451]" name="runScenario" class="io.cucumber.testng.AbstractTestNGCucumberTests"/>
      </group> <!-- cucumber -->
    </groups>
    <test started-at="2024-08-27T13:25:54 IST" name="Test" finished-at="2024-08-27T13:27:12 IST" duration-ms="77807">
      <class name="com.App.Testcases.testrunner">
        <test-method is-config="true" signature="setUpClass()[pri:0, instance:com.App.Testcases.testrunner@6221a451]" started-at="2024-08-27T13:25:54 IST" name="setUpClass" finished-at="2024-08-27T13:25:54 IST" duration-ms="404" status="PASS">
          <reporter-output>
          </reporter-output>
        </test-method> <!-- setUpClass -->
        <test-method signature="runScenario(io.cucumber.testng.PickleWrapper, io.cucumber.testng.FeatureWrapper)[pri:0, instance:com.App.Testcases.testrunner@6221a451]" started-at="2024-08-27T13:25:54 IST" name="runScenario" description="Runs Cucumber Scenarios" data-provider="scenarios" finished-at="2024-08-27T13:26:07 IST" duration-ms="12866" status="PASS">
          <params>
            <param index="0">
              <value>
                <![CDATA["Search for a product"]]>
              </value>
            </param>
            <param index="1">
              <value>
                <![CDATA["Optional[Add product to cart]"]]>
              </value>
            </param>
          </params>
          <reporter-output>
          </reporter-output>
        </test-method> <!-- runScenario -->
        <test-method signature="runScenario(io.cucumber.testng.PickleWrapper, io.cucumber.testng.FeatureWrapper)[pri:0, instance:com.App.Testcases.testrunner@6221a451]" started-at="2024-08-27T13:26:07 IST" name="runScenario" description="Runs Cucumber Scenarios" data-provider="scenarios" finished-at="2024-08-27T13:26:20 IST" duration-ms="12457" status="PASS">
          <params>
            <param index="0">
              <value>
                <![CDATA["login with different values"]]>
              </value>
            </param>
            <param index="1">
              <value>
                <![CDATA["Optional[Login with multiple values]"]]>
              </value>
            </param>
          </params>
          <reporter-output>
          </reporter-output>
        </test-method> <!-- runScenario -->
        <test-method signature="runScenario(io.cucumber.testng.PickleWrapper, io.cucumber.testng.FeatureWrapper)[pri:0, instance:com.App.Testcases.testrunner@6221a451]" started-at="2024-08-27T13:26:20 IST" name="runScenario" description="Runs Cucumber Scenarios" data-provider="scenarios" finished-at="2024-08-27T13:26:32 IST" duration-ms="12242" status="PASS">
          <params>
            <param index="0">
              <value>
                <![CDATA["login with different values"]]>
              </value>
            </param>
            <param index="1">
              <value>
                <![CDATA["Optional[Login with multiple values]"]]>
              </value>
            </param>
          </params>
          <reporter-output>
          </reporter-output>
        </test-method> <!-- runScenario -->
        <test-method signature="runScenario(io.cucumber.testng.PickleWrapper, io.cucumber.testng.FeatureWrapper)[pri:0, instance:com.App.Testcases.testrunner@6221a451]" started-at="2024-08-27T13:26:32 IST" name="runScenario" description="Runs Cucumber Scenarios" data-provider="scenarios" finished-at="2024-08-27T13:26:43 IST" duration-ms="10509" status="FAIL">
          <params>
            <param index="0">
              <value>
                <![CDATA["login with different values"]]>
              </value>
            </param>
            <param index="1">
              <value>
                <![CDATA["Optional[Login with multiple values]"]]>
              </value>
            </param>
          </params>
          <exception class="java.lang.AssertionError">
            <message>
              <![CDATA[Login Failed expected [https://demowebshop.tricentis.com/login] but found [https://demowebshop.tricentis.com/]]]>
            </message>
            <full-stacktrace>
              <![CDATA[java.lang.AssertionError: Login Failed expected [https://demowebshop.tricentis.com/login] but found [https://demowebshop.tricentis.com/]
at org.testng.Assert.fail(Assert.java:97)
at org.testng.Assert.assertEqualsImpl(Assert.java:136)
at org.testng.Assert.assertEquals(Assert.java:118)
at org.testng.Assert.assertEquals(Assert.java:575)
at com.App.Testcases.loginTestCase.he_enters_and(loginTestCase.java:40)
at ✽.he enters "pathanasifkhan461@gmail.com" and "Assm@7866"(file:///C:/Users/Administrator/eclipse-workspace/Cucumber_DemoWebshop/src/test/resources/features/login.feature:6)
]]>
            </full-stacktrace>
          </exception> <!-- java.lang.AssertionError -->
          <reporter-output>
          </reporter-output>
        </test-method> <!-- runScenario -->
        <test-method signature="runScenario(io.cucumber.testng.PickleWrapper, io.cucumber.testng.FeatureWrapper)[pri:0, instance:com.App.Testcases.testrunner@6221a451]" started-at="2024-08-27T13:26:43 IST" name="runScenario" description="Runs Cucumber Scenarios" data-provider="scenarios" finished-at="2024-08-27T13:26:52 IST" duration-ms="9181" status="PASS">
          <params>
            <param index="0">
              <value>
                <![CDATA["Clicking the  logout  link"]]>
              </value>
            </param>
            <param index="1">
              <value>
                <![CDATA["Optional[Entering the DemoWebshop]"]]>
              </value>
            </param>
          </params>
          <reporter-output>
          </reporter-output>
        </test-method> <!-- runScenario -->
        <test-method signature="runScenario(io.cucumber.testng.PickleWrapper, io.cucumber.testng.FeatureWrapper)[pri:0, instance:com.App.Testcases.testrunner@6221a451]" started-at="2024-08-27T13:26:52 IST" name="runScenario" description="Runs Cucumber Scenarios" data-provider="scenarios" finished-at="2024-08-27T13:27:04 IST" duration-ms="12442" status="PASS">
          <params>
            <param index="0">
              <value>
                <![CDATA["Clicking the  Register link to enter details"]]>
              </value>
            </param>
            <param index="1">
              <value>
                <![CDATA["Optional[Entering the DemoWebshop]"]]>
              </value>
            </param>
          </params>
          <reporter-output>
          </reporter-output>
        </test-method> <!-- runScenario -->
        <test-method signature="runScenario(io.cucumber.testng.PickleWrapper, io.cucumber.testng.FeatureWrapper)[pri:0, instance:com.App.Testcases.testrunner@6221a451]" started-at="2024-08-27T13:27:04 IST" name="runScenario" description="Runs Cucumber Scenarios" data-provider="scenarios" finished-at="2024-08-27T13:27:12 IST" duration-ms="7618" status="PASS">
          <params>
            <param index="0">
              <value>
                <![CDATA["searching a product in DemoWebShop"]]>
              </value>
            </param>
            <param index="1">
              <value>
                <![CDATA["Optional[Search a product]"]]>
              </value>
            </param>
          </params>
          <reporter-output>
          </reporter-output>
        </test-method> <!-- runScenario -->
        <test-method is-config="true" signature="tearDownClass()[pri:0, instance:com.App.Testcases.testrunner@6221a451]" started-at="2024-08-27T13:27:12 IST" name="tearDownClass" finished-at="2024-08-27T13:27:12 IST" duration-ms="4" status="PASS">
          <reporter-output>
          </reporter-output>
        </test-method> <!-- tearDownClass -->
      </class> <!-- com.App.Testcases.testrunner -->
    </test> <!-- Test -->
  </suite> <!-- Suite -->
</testng-results>
