<?xml version="1.0" encoding="UTF-8"?>
<testsuite xmlns:xsi="http://www.w3.org/2001/XMLSchema-instance" xsi:noNamespaceSchemaLocation="https://maven.apache.org/surefire/maven-surefire-plugin/xsd/surefire-test-report.xsd" name="TestSuite" time="79.066" tests="7" errors="0" skipped="0" failures="1">
  <properties>
[...]
</properties>
  <testcase name="runScenario" classname="com.App.Testcases.testrunner" time="12.805"/>
  <testcase name="runScenario" classname="com.App.Testcases.testrunner" time="12.456"/>
  <testcase name="runScenario" classname="com.App.Testcases.testrunner" time="12.24"/>
  <testcase name="runScenario" classname="com.App.Testcases.testrunner" time="10.518">
    <failure message="Login Failed expected [https://demowebshop.tricentis.com/login] but found [https://demowebshop.tricentis.com/]" type="java.lang.AssertionError">java.lang.AssertionError: Login Failed expected [https://demowebshop.tricentis.com/login] but found [https://demowebshop.tricentis.com/]
</failure>
    <system-out><![CDATA[
@multiple
Scenario Outline: login with different values                  &amp#27;[90m# src/test/resources/features/login.feature:13&amp#27;[0m
  &amp#27;[32mGiven &amp#27;[0m&amp#27;[32mthe user is in the login page with multiple data&amp#27;[0m       &amp#27;[90m# com.App.Testcases.loginTestCase.the_user_is_in_the_login_page_with_multiple_data()&amp#27;[0m
https://demowebshop.tricentis.com/login
  &amp#27;[31mWhen &amp#27;[0m&amp#27;[31mhe enters &amp#27;[0m&amp#27;[31m&amp#27;[1m"pathanasifkhan461@gmail.com"&amp#27;[0m&amp#27;[31m and &amp#27;[0m&amp#27;[31m&amp#27;[1m"Assm@7866"&amp#27;[0m &amp#27;[90m# com.App.Testcases.loginTestCase.he_enters_and(java.lang.String,java.lang.String)&amp#27;[0m
      &amp#27;[31mjava.lang.AssertionError: Login Failed expected [https://demowebshop.tricentis.com/login] but found [https://demowebshop.tricentis.com/]
	at org.testng.Assert.fail(Assert.java:97)
	at org.testng.Assert.assertEqualsImpl(Assert.java:136)
	at org.testng.Assert.assertEquals(Assert.java:118)
	at org.testng.Assert.assertEquals(Assert.java:575)
	at com.App.Testcases.loginTestCase.he_enters_and(loginTestCase.java:40)
	at ✽.he enters "pathanasifkhan461@gmail.com" and "Assm@7866"(file:///C:/Users/Administrator/eclipse-workspace/Cucumber_DemoWebshop/src/test/resources/features/login.feature:6)
&amp#27;[0m
  &amp#27;[36mThen &amp#27;[0m&amp#27;[36mhe reaches the HOME Page for every input&amp#27;[0m                &amp#27;[90m# com.App.Testcases.loginTestCase.he_reaches_the_HOME_Page_for_every_input()&amp#27;[0m
]]></system-out>
    <system-err><![CDATA[Starting ChromeDriver 127.0.6533.88 (a2d0cb026721e4644e489b8ebb07038ca4e4351c-refs/branch-heads/6533@{#1846}) on port 45710
Only local connections are allowed.
Please see https://chromedriver.chromium.org/security-considerations for suggestions on keeping ChromeDriver safe.
ChromeDriver was started successfully.
Aug 27, 2024 1:26:33 PM org.openqa.selenium.remote.ProtocolHandshake createSession
INFO: Detected dialect: W3C
]]></system-err>
  </testcase>
  <testcase name="runScenario" classname="com.App.Testcases.testrunner" time="9.177"/>
  <testcase name="runScenario" classname="com.App.Testcases.testrunner" time="12.442"/>
  <testcase name="runScenario" classname="com.App.Testcases.testrunner" time="7.603"/>
</testsuite>