-------------------------------------------------------------------------------
Test set: TestSuite
-------------------------------------------------------------------------------
Tests run: 7, Failures: 1, Errors: 0, Skipped: 0, Time elapsed: 79.066 s <<< FAILURE! - in TestSuite
runScenario(com.App.Testcases.testrunner)  Time elapsed: 10.518 s  <<< FAILURE!
java.lang.AssertionError: Login Failed expected [https://demowebshop.tricentis.com/login] but found [https://demowebshop.tricentis.com/]

